-------------------------------------------------------------------------------
Test set: ch.heigvd.lu.banque.TransfertsTest
-------------------------------------------------------------------------------
Tests run: 1, Failures: 1, Errors: 0, Skipped: 0, Time elapsed: 0.109 s <<< FAILURE! - in ch.heigvd.lu.banque.TransfertsTest
test1  Time elapsed: 0.109 s  <<< FAILURE!
org.opentest4j.AssertionFailedError: expected: <true> but was: <false>
	at ch.heigvd.lu.banque.TransfertsTest.test1(TransfertsTest.java:14)

