-------------------------------------------------------------------------------
Test set: ch.heigvd.lu.lecteursredacteurs.LecteursRedacteursTest
-------------------------------------------------------------------------------
Tests run: 1, Failures: 0, Errors: 1, Skipped: 0, Time elapsed: 0.047 s <<< FAILURE! - in ch.heigvd.lu.lecteursredacteurs.LecteursRedacteursTest
lecteursRedacteurs  Time elapsed: 0.032 s  <<< ERROR!
java.lang.IllegalMonitorStateException
	at ch.heigvd.lu.lecteursredacteurs.LecteursRedacteursTest.lecteursRedacteurs(LecteursRedacteursTest.java:42)

